<?xml version="1.0" encoding="UTF-8"?>
<testsuite xmlns:xsi="http://www.w3.org/2001/XMLSchema-instance" xsi:noNamespaceSchemaLocation="https://maven.apache.org/surefire/maven-surefire-plugin/xsd/surefire-test-report.xsd" name="com.MybatisTests" time="5.081" tests="3" errors="0" skipped="0" failures="0">
  <properties>
[...]
</properties>
  <testcase name="contextLoads" classname="com.MybatisTests" time="0.009"/>
  <testcase name="testCustomer" classname="com.MybatisTests" time="1.223"/>
  <testcase name="testSelect" classname="com.MybatisTests" time="0.358"/>
</testsuite>